<?xml version="1.0" encoding="UTF-8"?>
<testsuite xmlns:xsi="http://www.w3.org/2001/XMLSchema-instance" xsi:noNamespaceSchemaLocation="https://maven.apache.org/surefire/maven-surefire-plugin/xsd/surefire-test-report.xsd" name="edu.school21.numbers.NumberWorkerTest" time="0.453" tests="62" errors="0" skipped="0" failures="0">
  <properties>
[...]
</properties>
  <testcase name="isPrimeForNotPrimes{int}[1]" classname="edu.school21.numbers.NumberWorkerTest" time="0.102"/>
  <testcase name="isPrimeForNotPrimes{int}[2]" classname="edu.school21.numbers.NumberWorkerTest" time="0.001"/>
  <testcase name="isPrimeForNotPrimes{int}[3]" classname="edu.school21.numbers.NumberWorkerTest" time="0.001"/>
  <testcase name="isPrimeForNotPrimes{int}[4]" classname="edu.school21.numbers.NumberWorkerTest" time="0.001"/>
  <testcase name="isPrimeForNotPrimes{int}[5]" classname="edu.school21.numbers.NumberWorkerTest" time="0.002"/>
  <testcase name="isPrimeForNotPrimes{int}[6]" classname="edu.school21.numbers.NumberWorkerTest" time="0"/>
  <testcase name="isPrimeForNotPrimes{int}[7]" classname="edu.school21.numbers.NumberWorkerTest" time="0.002"/>
  <testcase name="isPrimeForNotPrimes{int}[8]" classname="edu.school21.numbers.NumberWorkerTest" time="0.001"/>
  <testcase name="isPrimeForNotPrimes{int}[9]" classname="edu.school21.numbers.NumberWorkerTest" time="0"/>
  <testcase name="isPrimeForNotPrimes{int}[10]" classname="edu.school21.numbers.NumberWorkerTest" time="0.001"/>
  <testcase name="isPrimeForNotPrimes{int}[11]" classname="edu.school21.numbers.NumberWorkerTest" time="0"/>
  <testcase name="isPrimeForNotPrimes{int}[12]" classname="edu.school21.numbers.NumberWorkerTest" time="0.001"/>
  <testcase name="isPrimeForNotPrimes{int}[13]" classname="edu.school21.numbers.NumberWorkerTest" time="0.001"/>
  <testcase name="isPrimeForNotPrimes{int}[14]" classname="edu.school21.numbers.NumberWorkerTest" time="0.001"/>
  <testcase name="isPrimeForNotPrimes{int}[15]" classname="edu.school21.numbers.NumberWorkerTest" time="0.001"/>
  <testcase name="isPrimeForNotPrimes{int}[16]" classname="edu.school21.numbers.NumberWorkerTest" time="0.001"/>
  <testcase name="isPrimeForNotPrimes{int}[17]" classname="edu.school21.numbers.NumberWorkerTest" time="0.001"/>
  <testcase name="isPrimeForNotPrimes{int}[18]" classname="edu.school21.numbers.NumberWorkerTest" time="0.01"/>
  <testcase name="isPrimeForNotPrimes{int}[19]" classname="edu.school21.numbers.NumberWorkerTest" time="0.002"/>
  <testcase name="CorrectDigitsSum{int, int}[1]" classname="edu.school21.numbers.NumberWorkerTest" time="0.003"/>
  <testcase name="CorrectDigitsSum{int, int}[2]" classname="edu.school21.numbers.NumberWorkerTest" time="0.001"/>
  <testcase name="CorrectDigitsSum{int, int}[3]" classname="edu.school21.numbers.NumberWorkerTest" time="0.001"/>
  <testcase name="CorrectDigitsSum{int, int}[4]" classname="edu.school21.numbers.NumberWorkerTest" time="0"/>
  <testcase name="CorrectDigitsSum{int, int}[5]" classname="edu.school21.numbers.NumberWorkerTest" time="0.001"/>
  <testcase name="CorrectDigitsSum{int, int}[6]" classname="edu.school21.numbers.NumberWorkerTest" time="0"/>
  <testcase name="CorrectDigitsSum{int, int}[7]" classname="edu.school21.numbers.NumberWorkerTest" time="0.014"/>
  <testcase name="CorrectDigitsSum{int, int}[8]" classname="edu.school21.numbers.NumberWorkerTest" time="0.001"/>
  <testcase name="CorrectDigitsSum{int, int}[9]" classname="edu.school21.numbers.NumberWorkerTest" time="0.001"/>
  <testcase name="CorrectDigitsSum{int, int}[10]" classname="edu.school21.numbers.NumberWorkerTest" time="0.001"/>
  <testcase name="isPrimeForPrimes{int}[1]" classname="edu.school21.numbers.NumberWorkerTest" time="0.001"/>
  <testcase name="isPrimeForPrimes{int}[2]" classname="edu.school21.numbers.NumberWorkerTest" time="0"/>
  <testcase name="isPrimeForPrimes{int}[3]" classname="edu.school21.numbers.NumberWorkerTest" time="0.001"/>
  <testcase name="isPrimeForPrimes{int}[4]" classname="edu.school21.numbers.NumberWorkerTest" time="0.001"/>
  <testcase name="isPrimeForPrimes{int}[5]" classname="edu.school21.numbers.NumberWorkerTest" time="0.001"/>
  <testcase name="isPrimeForPrimes{int}[6]" classname="edu.school21.numbers.NumberWorkerTest" time="0"/>
  <testcase name="isPrimeForPrimes{int}[7]" classname="edu.school21.numbers.NumberWorkerTest" time="0"/>
  <testcase name="isPrimeForPrimes{int}[8]" classname="edu.school21.numbers.NumberWorkerTest" time="0"/>
  <testcase name="isPrimeForPrimes{int}[9]" classname="edu.school21.numbers.NumberWorkerTest" time="0.001"/>
  <testcase name="isPrimeForPrimes{int}[10]" classname="edu.school21.numbers.NumberWorkerTest" time="0.001"/>
  <testcase name="isPrimeForPrimes{int}[11]" classname="edu.school21.numbers.NumberWorkerTest" time="0"/>
  <testcase name="isPrimeForPrimes{int}[12]" classname="edu.school21.numbers.NumberWorkerTest" time="0"/>
  <testcase name="isPrimeForPrimes{int}[13]" classname="edu.school21.numbers.NumberWorkerTest" time="0.001"/>
  <testcase name="isPrimeForPrimes{int}[14]" classname="edu.school21.numbers.NumberWorkerTest" time="0.001"/>
  <testcase name="isPrimeForPrimes{int}[15]" classname="edu.school21.numbers.NumberWorkerTest" time="0.001"/>
  <testcase name="isPrimeForPrimes{int}[16]" classname="edu.school21.numbers.NumberWorkerTest" time="0.001"/>
  <testcase name="isPrimeForPrimes{int}[17]" classname="edu.school21.numbers.NumberWorkerTest" time="0"/>
  <testcase name="isPrimeForPrimes{int}[18]" classname="edu.school21.numbers.NumberWorkerTest" time="0"/>
  <testcase name="isPrimeForPrimes{int}[19]" classname="edu.school21.numbers.NumberWorkerTest" time="0"/>
  <testcase name="isPrimeForPrimes{int}[20]" classname="edu.school21.numbers.NumberWorkerTest" time="0"/>
  <testcase name="isPrimeForPrimes{int}[21]" classname="edu.school21.numbers.NumberWorkerTest" time="0.001"/>
  <testcase name="isPrimeForPrimes{int}[22]" classname="edu.school21.numbers.NumberWorkerTest" time="0.002"/>
  <testcase name="isPrimeForPrimes{int}[23]" classname="edu.school21.numbers.NumberWorkerTest" time="0.001"/>
  <testcase name="isPrimeForPrimes{int}[24]" classname="edu.school21.numbers.NumberWorkerTest" time="0.001"/>
  <testcase name="isPrimeForPrimes{int}[25]" classname="edu.school21.numbers.NumberWorkerTest" time="0.001"/>
  <testcase name="isPrimeForIncorrectNumbers{int}[1]" classname="edu.school21.numbers.NumberWorkerTest" time="0.009"/>
  <testcase name="isPrimeForIncorrectNumbers{int}[2]" classname="edu.school21.numbers.NumberWorkerTest" time="0.001"/>
  <testcase name="isPrimeForIncorrectNumbers{int}[3]" classname="edu.school21.numbers.NumberWorkerTest" time="0.001"/>
  <testcase name="isPrimeForIncorrectNumbers{int}[4]" classname="edu.school21.numbers.NumberWorkerTest" time="0.002"/>
  <testcase name="isPrimeForIncorrectNumbers{int}[5]" classname="edu.school21.numbers.NumberWorkerTest" time="0.001"/>
  <testcase name="isPrimeForIncorrectNumbers{int}[6]" classname="edu.school21.numbers.NumberWorkerTest" time="0.001"/>
  <testcase name="isPrimeForIncorrectNumbers{int}[7]" classname="edu.school21.numbers.NumberWorkerTest" time="0.001"/>
  <testcase name="isPrimeForIncorrectNumbers{int}[8]" classname="edu.school21.numbers.NumberWorkerTest" time="0.001"/>
</testsuite>